<?xml version="1.0" encoding="UTF-8"?>
<!-- Generated by org.testng.reporters.JUnitReportReporter -->
<testsuite hostname="vadivel" failures="0" tests="1" name="testngclass.Basic1_para" time="4.773" errors="0" timestamp="2025-02-04T16:25:36 IST" skipped="0">
  <testcase classname="testngclass.Basic1_para" name="launchingfbbrowser" time="4.773"/>
  <system-out/>
</testsuite> <!-- testngclass.Basic1_para -->
