<?xml version="1.0" encoding="UTF-8"?>
<!-- Generated by org.testng.reporters.JUnitReportReporter -->
<testsuite hostname="vadivel" failures="0" tests="2" name="testngclass.basics12" time="0.015" errors="0" timestamp="2025-02-03T22:00:57 IST" skipped="0">
  <testcase classname="testngclass.basics12" name="addToCart" time="0.013"/>
  <system-out/>
  <testcase classname="testngclass.basics12" name="searchProduct" time="0.002"/>
  <system-out/>
</testsuite> <!-- testngclass.basics12 -->
