<?xml version="1.0" encoding="UTF-8"?>
<!-- Generated by org.testng.reporters.JUnitReportReporter -->
<testsuite hostname="vadivel" failures="0" tests="3" name="testngclass.Basics10" time="0.016" errors="0" timestamp="2025-02-03T21:16:39 IST" skipped="1">
  <testcase classname="testngclass.Basics10" name="searchProduct" time="0.003"/>
  <system-out/>
  <testcase classname="testngclass.Basics10" name="login" time="0.013"/>
  <system-out/>
  <testcase classname="testngclass.Basics10" name="register">
    <skipped/>
  </testcase> <!-- register -->
  <system-out/>
</testsuite> <!-- testngclass.Basics10 -->
