<?xml version="1.0" encoding="UTF-8"?>
<!-- Generated by org.testng.reporters.JUnitReportReporter -->
<testsuite hostname="vadivel" failures="0" tests="1" name="testngclass.Basics3" time="0.008" errors="0" timestamp="2025-02-04T16:19:22 IST" skipped="0">
  <testcase classname="testngclass.Basics3" name="testing" time="0.008"/>
  <system-out/>
</testsuite> <!-- testngclass.Basics3 -->
