<?xml version="1.0" encoding="UTF-8"?>
<!-- Generated by org.testng.reporters.JUnitReportReporter -->
<testsuite hostname="vadivel" failures="0" tests="4" name="testngclass.Basics4" time="0.008" errors="0" timestamp="2025-02-04T16:06:04 IST" skipped="0">
  <testcase classname="testngclass.Basics4" name="login" time="0.002"/>
  <system-out/>
  <testcase classname="testngclass.Basics4" name="searchProduct" time="0.001"/>
  <system-out/>
  <testcase classname="testngclass.Basics4" name="addToCart" time="0.003"/>
  <system-out/>
  <testcase classname="testngclass.Basics4" name="register" time="0.002"/>
  <system-out/>
</testsuite> <!-- testngclass.Basics4 -->
