<?xml version="1.0" encoding="UTF-8"?>
<!-- Generated by org.testng.reporters.JUnitReportReporter -->
<testsuite hostname="vadivel" failures="0" tests="3" name="testngclass.Basics7" time="0.029" errors="0" timestamp="2025-02-04T15:55:26 IST" skipped="0">
  <testcase classname="testngclass.Basics7" name="login" time="0.006"/>
  <system-out/>
  <testcase classname="testngclass.Basics7" name="searchProduct" time="0.009"/>
  <system-out/>
  <testcase classname="testngclass.Basics7" name="register" time="0.014"/>
  <system-out/>
</testsuite> <!-- testngclass.Basics7 -->
