<?xml version="1.0" encoding="UTF-8"?>
<!-- Generated by org.testng.reporters.JUnitReportReporter -->
<testsuite hostname="vadivel" failures="0" tests="4" name="testngclass.Basics5" time="0.019" errors="0" timestamp="2025-02-04T16:06:04 IST" skipped="0">
  <testcase classname="testngclass.Basics5" name="register" time="0.013"/>
  <system-out/>
  <testcase classname="testngclass.Basics5" name="login" time="0.002"/>
  <system-out/>
  <testcase classname="testngclass.Basics5" name="searchProduct" time="0.002"/>
  <system-out/>
  <testcase classname="testngclass.Basics5" name="addToCart" time="0.002"/>
  <system-out/>
</testsuite> <!-- testngclass.Basics5 -->
