<?xml version="1.0" encoding="UTF-8"?>
<!-- Generated by org.testng.reporters.JUnitReportReporter -->
<testsuite hostname="vadivel" failures="0" tests="4" name="testngclass.Basic5" time="0.023" errors="0" timestamp="2025-02-03T20:48:11 IST" skipped="0">
  <testcase classname="testngclass.Basic5" name="register" time="0.016"/>
  <system-out/>
  <testcase classname="testngclass.Basic5" name="login" time="0.003"/>
  <system-out/>
  <testcase classname="testngclass.Basic5" name="searchProduct" time="0.002"/>
  <system-out/>
  <testcase classname="testngclass.Basic5" name="addToCart" time="0.002"/>
  <system-out/>
</testsuite> <!-- testngclass.Basic5 -->
