<?xml version="1.0" encoding="UTF-8"?>
<!-- Generated by org.testng.reporters.JUnitReportReporter -->
<testsuite hostname="vadivel" failures="0" tests="4" name="testngclass.Basics6" time="0.057" errors="0" timestamp="2025-02-04T15:53:53 IST" skipped="0">
  <testcase classname="testngclass.Basics6" name="login" time="0.011"/>
  <system-out/>
  <testcase classname="testngclass.Basics6" name="searchProduct" time="0.008"/>
  <system-out/>
  <testcase classname="testngclass.Basics6" name="addToCart" time="0.015"/>
  <system-out/>
  <testcase classname="testngclass.Basics6" name="register" time="0.023"/>
  <system-out/>
</testsuite> <!-- testngclass.Basics6 -->
