<?xml version="1.0" encoding="UTF-8"?>
<!-- Generated by org.testng.reporters.JUnitReportReporter -->
<testsuite hostname="vadivel" failures="0" tests="1" name="testngclass.Basics1" time="4.875" errors="0" timestamp="2025-02-04T16:25:36 IST" skipped="0">
  <testcase classname="testngclass.Basics1" name="launchfb" time="4.875"/>
  <system-out/>
</testsuite> <!-- testngclass.Basics1 -->
