<?xml version="1.0" encoding="UTF-8"?>
<!-- Generated by org.testng.reporters.JUnitReportReporter -->
<testsuite hostname="vadivel" failures="0" tests="7" name="testngclass.Basics8" time="0.044" errors="0" timestamp="2025-02-04T15:57:17 IST" skipped="0">
  <testcase classname="testngclass.Basics8" name="register" time="0.002"/>
  <system-out/>
  <testcase classname="testngclass.Basics8" name="addToCart" time="0.020"/>
  <system-out/>
  <testcase classname="testngclass.Basics8" name="searchProduct" time="0.013"/>
  <system-out/>
  <testcase classname="testngclass.Basics8" name="login" time="0.002"/>
  <system-out/>
  <testcase classname="testngclass.Basics8" name="login" time="0.003"/>
  <system-out/>
  <testcase classname="testngclass.Basics8" name="login" time="0.002"/>
  <system-out/>
  <testcase classname="testngclass.Basics8" name="register" time="0.002"/>
  <system-out/>
</testsuite> <!-- testngclass.Basics8 -->
