<?xml version="1.0" encoding="UTF-8"?>
<!-- Generated by org.testng.reporters.JUnitReportReporter -->
<testsuite hostname="vadivel" failures="0" tests="4" name="testngclass.Basics13" time="0.018" errors="0" timestamp="2025-02-03T22:10:58 IST" skipped="0">
  <testcase classname="testngclass.Basics13" name="addToCart" time="0.012"/>
  <system-out/>
  <testcase classname="testngclass.Basics13" name="login" time="0.002"/>
  <system-out/>
  <testcase classname="testngclass.Basics13" name="register" time="0.002"/>
  <system-out/>
  <testcase classname="testngclass.Basics13" name="searchProduct" time="0.002"/>
  <system-out/>
</testsuite> <!-- testngclass.Basics13 -->
